The system is: Windows - 10.0.20241 - AMD64
Compiling the CXX compiler identification source file "CMakeCXXCompilerId.cpp" succeeded.
Compiler: C:/Program Files (x86)/Microsoft Visual Studio/2019/Community/VC/Tools/MSVC/14.25.28610/bin/Hostx86/x86/cl.exe 
Build flags: 
Id flags:  

The output was:
0
Microsoft (R) C/C++ Optimizing Compiler Version 19.25.28610.4 for x86
Copyright (C) Microsoft Corporation.  All rights reserved.

CMakeCXXCompilerId.cpp
Microsoft (R) Incremental Linker Version 14.25.28610.4
Copyright (C) Microsoft Corporation.  All rights reserved.

/out:CMakeCXXCompilerId.exe 
CMakeCXXCompilerId.obj 


Compilation of the CXX compiler identification source "CMakeCXXCompilerId.cpp" produced "CMakeCXXCompilerId.exe"

Compilation of the CXX compiler identification source "CMakeCXXCompilerId.cpp" produced "CMakeCXXCompilerId.obj"

The CXX compiler identification is MSVC, found in "C:/Users/Retr0/Documents/1SHORTCUTS/CS110C/UNO/cmake-build-release-visual-studio/CMakeFiles/3.16.5/CompilerIdCXX/CMakeCXXCompilerId.exe"

Determining if the CXX compiler works passed with the following output:
Change Dir: C:/Users/Retr0/Documents/1SHORTCUTS/CS110C/UNO/cmake-build-release-visual-studio/CMakeFiles/CMakeTmp

Run Build Command(s):nmake /nologo cmTC_f121c\fast && 	"C:\Program Files (x86)\Microsoft Visual Studio\2019\Community\VC\Tools\MSVC\14.25.28610\bin\HostX86\x86\nmake.exe" -f CMakeFiles\cmTC_f121c.dir\build.make /nologo -L                  CMakeFiles\cmTC_f121c.dir\build
Building CXX object CMakeFiles/cmTC_f121c.dir/testCXXCompiler.cxx.obj
	C:\PROGRA~2\MIB055~1\2019\COMMUN~1\VC\Tools\MSVC\1425~1.286\bin\Hostx86\x86\cl.exe @C:\Users\Retr0\AppData\Local\Temp\nmA4CE.tmp
testCXXCompiler.cxx
Linking CXX executable cmTC_f121c.exe
	"C:\Program Files\JetBrains\CLion 2020.1\bin\cmake\win\bin\cmake.exe" -E vs_link_exe --intdir=CMakeFiles\cmTC_f121c.dir --rc=C:\PROGRA~2\WINDOW~4\10\bin\100183~1.0\x86\rc.exe --mt=C:\PROGRA~2\WINDOW~4\10\bin\100183~1.0\x86\mt.exe --manifests  -- C:\PROGRA~2\MIB055~1\2019\COMMUN~1\VC\Tools\MSVC\1425~1.286\bin\Hostx86\x86\link.exe /nologo @CMakeFiles\cmTC_f121c.dir\objects1.rsp @C:\Users\Retr0\AppData\Local\Temp\nmA646.tmp



Detecting CXX compiler ABI info compiled with the following output:
Change Dir: C:/Users/Retr0/Documents/1SHORTCUTS/CS110C/UNO/cmake-build-release-visual-studio/CMakeFiles/CMakeTmp

Run Build Command(s):nmake /nologo cmTC_ac892\fast && 	"C:\Program Files (x86)\Microsoft Visual Studio\2019\Community\VC\Tools\MSVC\14.25.28610\bin\HostX86\x86\nmake.exe" -f CMakeFiles\cmTC_ac892.dir\build.make /nologo -L                  CMakeFiles\cmTC_ac892.dir\build
Building CXX object CMakeFiles/cmTC_ac892.dir/CMakeCXXCompilerABI.cpp.obj
	C:\PROGRA~2\MIB055~1\2019\COMMUN~1\VC\Tools\MSVC\1425~1.286\bin\Hostx86\x86\cl.exe @C:\Users\Retr0\AppData\Local\Temp\nmA943.tmp
CMakeCXXCompilerABI.cpp
Linking CXX executable cmTC_ac892.exe
	"C:\Program Files\JetBrains\CLion 2020.1\bin\cmake\win\bin\cmake.exe" -E vs_link_exe --intdir=CMakeFiles\cmTC_ac892.dir --rc=C:\PROGRA~2\WINDOW~4\10\bin\100183~1.0\x86\rc.exe --mt=C:\PROGRA~2\WINDOW~4\10\bin\100183~1.0\x86\mt.exe --manifests  -- C:\PROGRA~2\MIB055~1\2019\COMMUN~1\VC\Tools\MSVC\1425~1.286\bin\Hostx86\x86\link.exe /nologo @CMakeFiles\cmTC_ac892.dir\objects1.rsp @C:\Users\Retr0\AppData\Local\Temp\nmA9C1.tmp



